\BOOKMARK [1][-]{section.1}{Introduction}{}% 1
\BOOKMARK [2][-]{subsection.1.1}{Microbial metabolic ecology}{section.1}% 2
\BOOKMARK [2][-]{subsection.1.2}{Constrained based modeling}{section.1}% 3
\BOOKMARK [2][-]{subsection.1.3}{Agent based modeling}{section.1}% 4
\BOOKMARK [2][-]{subsection.1.4}{Aim of the project}{section.1}% 5
\BOOKMARK [1][-]{section.2}{Methods}{}% 6
\BOOKMARK [2][-]{subsection.2.1}{Model overview}{section.2}% 7
\BOOKMARK [2][-]{subsection.2.2}{Representation}{section.2}% 8
\BOOKMARK [3][-]{subsubsection.2.2.1}{Environment \046 Grid}{subsection.2.2}% 9
\BOOKMARK [3][-]{subsubsection.2.2.2}{Bacteria}{subsection.2.2}% 10
\BOOKMARK [3][-]{subsubsection.2.2.3}{Substrate}{subsection.2.2}% 11
\BOOKMARK [2][-]{subsection.2.3}{Interactions as rules}{section.2}% 12
\BOOKMARK [3][-]{subsubsection.2.3.1}{Movement}{subsection.2.3}% 13
\BOOKMARK [3][-]{subsubsection.2.3.2}{Diffusion}{subsection.2.3}% 14
\BOOKMARK [3][-]{subsubsection.2.3.3}{Flux balance analysis}{subsection.2.3}% 15
\BOOKMARK [3][-]{subsubsection.2.3.4}{Growth}{subsection.2.3}% 16
\BOOKMARK [1][-]{section.3}{Results}{}% 17
\BOOKMARK [2][-]{subsection.3.1}{General results of the framework}{section.3}% 18
\BOOKMARK [3][-]{subsubsection.3.1.1}{Movement and Diffusion}{subsection.3.1}% 19
\BOOKMARK [3][-]{subsubsection.3.1.2}{Time consumption}{subsection.3.1}% 20
\BOOKMARK [2][-]{subsection.3.2}{Population models}{section.3}% 21
\BOOKMARK [3][-]{subsubsection.3.2.1}{Escherichia coli core}{subsection.3.2}% 22
\BOOKMARK [3][-]{subsubsection.3.2.2}{Large Escherichia coli model \(,,Bcoli''\)}{subsection.3.2}% 23
\BOOKMARK [3][-]{subsubsection.3.2.3}{Methanosarcina barkeri}{subsection.3.2}% 24
\BOOKMARK [3][-]{subsubsection.3.2.4}{Clostridium beijerinckii}{subsection.3.2}% 25
\BOOKMARK [2][-]{subsection.3.3}{Mixed communities}{section.3}% 26
\BOOKMARK [3][-]{subsubsection.3.3.1}{Escherichia coli \046 Methanosarcina barkeri}{subsection.3.3}% 27
\BOOKMARK [3][-]{subsubsection.3.3.2}{Escherichia coli big \046 Clostridium beijerinckii}{subsection.3.3}% 28
\BOOKMARK [3][-]{subsubsection.3.3.3}{Clostridium beijerinckii \046 Methanosarcina barkeri}{subsection.3.3}% 29
\BOOKMARK [1][-]{section.4}{Discussion}{}% 30
\BOOKMARK [2][-]{subsection.4.1}{General discussion}{section.4}% 31
\BOOKMARK [3][-]{subsubsection.4.1.1}{Diffusion and movement}{subsection.4.1}% 32
\BOOKMARK [3][-]{subsubsection.4.1.2}{Time consumption}{subsection.4.1}% 33
\BOOKMARK [2][-]{subsection.4.2}{Population models of single organisms}{section.4}% 34
\BOOKMARK [2][-]{subsection.4.3}{Interactions in mixed communities}{section.4}% 35
\BOOKMARK [2][-]{subsection.4.4}{Conclusions \046 outlook}{section.4}% 36
